<?xml version="1.0" encoding="UTF-8"?>
<testng-results ignored="0" total="1" passed="1" failed="0" skipped="0">
  <reporter-output>
  </reporter-output>
  <suite started-at="2024-07-31T17:03:26 EDT" name="Default suite" finished-at="2024-07-31T17:03:34 EDT" duration-ms="7647">
    <groups>
      <group name="cucumber">
        <method signature="AbstractTestNGCucumberTests.runScenario(io.cucumber.testng.PickleWrapper,io.cucumber.testng.FeatureWrapper)[pri:0, instance:testrunner.testRunner@12591ac8]" name="runScenario" class="io.cucumber.testng.AbstractTestNGCucumberTests"/>
      </group> <!-- cucumber -->
    </groups>
    <test started-at="2024-07-31T17:03:26 EDT" name="Default test" finished-at="2024-07-31T17:03:34 EDT" duration-ms="7647">
      <class name="testrunner.testRunner">
        <test-method is-config="true" signature="setUpClass(org.testng.ITestContext)[pri:0, instance:testrunner.testRunner@12591ac8]" started-at="2024-07-31T17:03:26 EDT" name="setUpClass" finished-at="2024-07-31T17:03:27 EDT" duration-ms="664" status="PASS">
          <params>
            <param index="0">
              <value>
                <![CDATA[org.testng.TestRunner@127a7272]]>
              </value>
            </param>
          </params>
          <reporter-output>
          </reporter-output>
        </test-method> <!-- setUpClass -->
        <test-method is-config="true" signature="setUp(java.lang.String)[pri:0, instance:testrunner.testRunner@12591ac8]" started-at="2024-07-31T17:03:27 EDT" name="setUp" finished-at="2024-07-31T17:03:27 EDT" duration-ms="7" status="PASS">
          <params>
            <param index="0">
              <value>
                <![CDATA[chrome]]>
              </value>
            </param>
          </params>
          <reporter-output>
          </reporter-output>
        </test-method> <!-- setUp -->
        <test-method signature="runScenario(io.cucumber.testng.PickleWrapper,io.cucumber.testng.FeatureWrapper)[pri:0, instance:testrunner.testRunner@12591ac8]" started-at="2024-07-31T17:03:27 EDT" name="runScenario" description="Runs Cucumber Scenarios" data-provider="scenarios" finished-at="2024-07-31T17:03:34 EDT" duration-ms="6838" status="PASS">
          <params>
            <param index="0">
              <value>
                <![CDATA["Verify if user able to login"]]>
              </value>
            </param>
            <param index="1">
              <value>
                <![CDATA["Login Functionality for an ecommerce application"]]>
              </value>
            </param>
          </params>
          <reporter-output>
          </reporter-output>
        </test-method> <!-- runScenario -->
        <test-method is-config="true" signature="tearDownClass()[pri:0, instance:testrunner.testRunner@12591ac8]" started-at="2024-07-31T17:03:34 EDT" name="tearDownClass" finished-at="2024-07-31T17:03:34 EDT" duration-ms="74" status="PASS">
          <reporter-output>
          </reporter-output>
        </test-method> <!-- tearDownClass -->
      </class> <!-- testrunner.testRunner -->
    </test> <!-- Default test -->
  </suite> <!-- Default suite -->
</testng-results>
